[debug] [2026-05-10T23:07:57.038Z] ----------------------------------------------------------------------
[debug] [2026-05-10T23:07:57.042Z] Command:       /usr/local/bin/node /Users/arnoldruijter/.npm-global/bin/firebase init functions
[debug] [2026-05-10T23:07:57.042Z] CLI Version:   15.17.0
[debug] [2026-05-10T23:07:57.042Z] Platform:      darwin
[debug] [2026-05-10T23:07:57.043Z] Node Version:  v24.12.0
[debug] [2026-05-10T23:07:57.043Z] Time:          Mon May 11 2026 01:07:57 GMT+0200 (Midden-Europese zomertijd)
[debug] [2026-05-10T23:07:57.043Z] ----------------------------------------------------------------------
[debug] 
[debug] [2026-05-10T23:07:57.045Z] >>> [apiv2][query] GET https://firebase-public.firebaseio.com/cli.json [none]
[info] 
     ######## #### ########  ######## ########     ###     ######  ########
     ##        ##  ##     ## ##       ##     ##  ##   ##  ##       ##
     ######    ##  ########  ######   ########  #########  ######  ######
     ##        ##  ##    ##  ##       ##     ## ##     ##       ## ##
     ##       #### ##     ## ######## ########  ##     ##  ######  ########

You're about to initialize a Firebase project in this directory:

  /Users/arnoldruijter/Projects/Vinage

Before we get started, keep in mind:

  * You are initializing within an existing Firebase project directory

[info] 
=== Project Setup
[info] 
[info] First, let's associate this project directory with a Firebase project.
[info] You can create multiple project aliases by running firebase use --add, 
[info] 
[debug] [2026-05-10T23:07:58.601Z] > command requires scopes: ["email","openid","https://www.googleapis.com/auth/cloudplatformprojects.readonly","https://www.googleapis.com/auth/firebase","https://www.googleapis.com/auth/cloud-platform"]
[debug] [2026-05-10T23:07:58.602Z] > authorizing via signed-in user (arnoldruijter@gmail.com)
[debug] [2026-05-10T23:07:58.603Z] Checked if tokens are valid: false, expires at: 1777890333014
[debug] [2026-05-10T23:07:58.603Z] Checked if tokens are valid: false, expires at: 1777890333014
[debug] [2026-05-10T23:07:58.603Z] > refreshing access token with scopes: []
[debug] [2026-05-10T23:07:58.605Z] >>> [apiv2][query] POST https://www.googleapis.com/oauth2/v3/token [none]
[debug] [2026-05-10T23:07:58.605Z] >>> [apiv2][body] POST https://www.googleapis.com/oauth2/v3/token [omitted]
[debug] [2026-05-10T23:07:58.732Z] <<< [apiv2][status] POST https://www.googleapis.com/oauth2/v3/token 200
[debug] [2026-05-10T23:07:58.732Z] <<< [apiv2][body] POST https://www.googleapis.com/oauth2/v3/token [omitted]
[debug] [2026-05-10T23:07:58.779Z] >>> [apiv2][query] GET https://firebase.googleapis.com/v1beta1/projects/vinage-85fd8 [none]
[debug] [2026-05-10T23:07:58.917Z] <<< [apiv2][status] GET https://firebase-public.firebaseio.com/cli.json 200
[debug] [2026-05-10T23:07:58.917Z] <<< [apiv2][body] GET https://firebase-public.firebaseio.com/cli.json {"cloudBuildErrorAfter":1594252800000,"cloudBuildWarnAfter":1590019200000,"defaultNode10After":1594252800000,"minVersion":"3.0.5","node8DeploysDisabledAfter":1613390400000,"node8RuntimeDisabledAfter":1615809600000,"node8WarnAfter":1600128000000}
[debug] [2026-05-10T23:07:59.205Z] <<< [apiv2][status] GET https://firebase.googleapis.com/v1beta1/projects/vinage-85fd8 200
[debug] [2026-05-10T23:07:59.205Z] <<< [apiv2][body] GET https://firebase.googleapis.com/v1beta1/projects/vinage-85fd8 {"projectId":"vinage-85fd8","projectNumber":"634323804602","displayName":"Vinage","name":"projects/vinage-85fd8","resources":{"hostingSite":"vinage-85fd8"},"state":"ACTIVE","etag":"1_8f1b1db0-18c7-470e-85cd-c13e5ed6b4f4"}
[info] i  Using project vinage-85fd8 (Vinage) . 
[info] 
=== Functions Setup
[debug] [2026-05-10T23:07:59.233Z] > command requires scopes: ["email","openid","https://www.googleapis.com/auth/cloudplatformprojects.readonly","https://www.googleapis.com/auth/firebase","https://www.googleapis.com/auth/cloud-platform"]
[debug] [2026-05-10T23:07:59.233Z] > authorizing via signed-in user (arnoldruijter@gmail.com)
[debug] [2026-05-10T23:07:59.233Z] [iam] checking project vinage-85fd8 for permissions ["firebase.projects.get"]
[debug] [2026-05-10T23:07:59.233Z] Checked if tokens are valid: true, expires at: 1778458077732
[debug] [2026-05-10T23:07:59.233Z] Checked if tokens are valid: true, expires at: 1778458077732
[debug] [2026-05-10T23:07:59.234Z] >>> [apiv2][query] POST https://cloudresourcemanager.googleapis.com/v1/projects/vinage-85fd8:testIamPermissions [none]
[debug] [2026-05-10T23:07:59.234Z] >>> [apiv2][(partial)header] POST https://cloudresourcemanager.googleapis.com/v1/projects/vinage-85fd8:testIamPermissions  x-goog-user-project=vinage-85fd8
[debug] [2026-05-10T23:07:59.234Z] >>> [apiv2][body] POST https://cloudresourcemanager.googleapis.com/v1/projects/vinage-85fd8:testIamPermissions {"permissions":["firebase.projects.get"]}
[debug] [2026-05-10T23:07:59.920Z] <<< [apiv2][status] POST https://cloudresourcemanager.googleapis.com/v1/projects/vinage-85fd8:testIamPermissions 200
[debug] [2026-05-10T23:07:59.920Z] <<< [apiv2][body] POST https://cloudresourcemanager.googleapis.com/v1/projects/vinage-85fd8:testIamPermissions {"permissions":["firebase.projects.get"]}
[debug] [2026-05-10T23:07:59.921Z] Checked if tokens are valid: true, expires at: 1778458077732
[debug] [2026-05-10T23:07:59.921Z] Checked if tokens are valid: true, expires at: 1778458077732
[debug] [2026-05-10T23:07:59.921Z] Checked if tokens are valid: true, expires at: 1778458077732
[debug] [2026-05-10T23:07:59.921Z] Checked if tokens are valid: true, expires at: 1778458077732
[debug] [2026-05-10T23:07:59.922Z] >>> [apiv2][query] GET https://serviceusage.googleapis.com/v1/projects/vinage-85fd8/services/cloudfunctions.googleapis.com [none]
[debug] [2026-05-10T23:07:59.922Z] >>> [apiv2][(partial)header] GET https://serviceusage.googleapis.com/v1/projects/vinage-85fd8/services/cloudfunctions.googleapis.com  x-goog-user-project=vinage-85fd8
[debug] [2026-05-10T23:07:59.924Z] >>> [apiv2][query] GET https://serviceusage.googleapis.com/v1/projects/vinage-85fd8/services/runtimeconfig.googleapis.com [none]
[debug] [2026-05-10T23:07:59.924Z] >>> [apiv2][(partial)header] GET https://serviceusage.googleapis.com/v1/projects/vinage-85fd8/services/runtimeconfig.googleapis.com  x-goog-user-project=vinage-85fd8
[debug] [2026-05-10T23:08:00.780Z] <<< [apiv2][status] GET https://serviceusage.googleapis.com/v1/projects/vinage-85fd8/services/cloudfunctions.googleapis.com 200
[debug] [2026-05-10T23:08:00.780Z] <<< [apiv2][body] GET https://serviceusage.googleapis.com/v1/projects/vinage-85fd8/services/cloudfunctions.googleapis.com [omitted]
[debug] [2026-05-10T23:08:00.781Z] Checked if tokens are valid: true, expires at: 1778458077732
[debug] [2026-05-10T23:08:00.781Z] Checked if tokens are valid: true, expires at: 1778458077732
[debug] [2026-05-10T23:08:00.781Z] >>> [apiv2][query] POST https://serviceusage.googleapis.com/v1/projects/vinage-85fd8/services/cloudfunctions.googleapis.com:enable [none]
[debug] [2026-05-10T23:08:00.781Z] >>> [apiv2][(partial)header] POST https://serviceusage.googleapis.com/v1/projects/vinage-85fd8/services/cloudfunctions.googleapis.com:enable  x-goog-user-project=vinage-85fd8
[debug] [2026-05-10T23:08:00.782Z] <<< [apiv2][status] GET https://serviceusage.googleapis.com/v1/projects/vinage-85fd8/services/runtimeconfig.googleapis.com 200
[debug] [2026-05-10T23:08:00.782Z] <<< [apiv2][body] GET https://serviceusage.googleapis.com/v1/projects/vinage-85fd8/services/runtimeconfig.googleapis.com [omitted]
[debug] [2026-05-10T23:08:01.494Z] <<< [apiv2][status] POST https://serviceusage.googleapis.com/v1/projects/vinage-85fd8/services/cloudfunctions.googleapis.com:enable 200
[debug] [2026-05-10T23:08:01.494Z] <<< [apiv2][body] POST https://serviceusage.googleapis.com/v1/projects/vinage-85fd8/services/cloudfunctions.googleapis.com:enable [omitted]
[info] 
Detected existing codebase(s): default

[info] 
Overwriting codebase default...

